C:\Program Files\mingw-w64\x86_64-8.1.0-posix-seh-rt_v6-rev0\mingw64\bin\mingw32-make.exe all -f "C:\CONNOR\C++Path\chess_console\source\makefile" --print-data-base --no-builtin-variables --no-builtin-rules --question
mingw32-make: *** No rule to make target 'user_interface.cpp', needed by 'user_interface.o'.  Stop.
 
# GNU Make 4.2.1
# Built for x86_64-w64-mingw32
# Copyright (C) 1988-2016 Free Software Foundation, Inc.
# License GPLv3+: GNU GPL version 3 or later <http://gnu.org/licenses/gpl.html>
# This is free software: you are free to change and redistribute it.
# There is NO WARRANTY, to the extent permitted by law.

# Make data base, printed on Mon Jun 14 09:04:26 2021

# Variables

# 'override' directive
GNUMAKEFLAGS := 
# automatic
<D = $(patsubst %/,%,$(patsubst %\,%,$(dir $<)))
# automatic
?F = $(notdir $?)
# default
.SHELLFLAGS := -c
# makefile
MAKEFLAGS = pqrR
# environment
VSCODE_LOG_NATIVE = false
# automatic
?D = $(patsubst %/,%,$(patsubst %\,%,$(dir $?)))
# automatic
@D = $(patsubst %/,%,$(patsubst %\,%,$(dir $@)))
# environment
HOMEDRIVE = C:
# automatic
@F = $(notdir $@)
# automatic
^D = $(patsubst %/,%,$(patsubst %\,%,$(dir $^)))
# makefile
CURDIR := c:/CONNOR/C++Path/checkers_project
# default
SHELL := sh.exe
# environment
WINDIR = C:\WINDOWS
# environment
VSCODE_NLS_CONFIG = {"locale":"en-us","availableLanguages":{},"_languagePackSupport":true}
# environment
VBOX_MSI_INSTALL_PATH = C:\Program Files\Oracle\VirtualBox\
# makefile (from 'C:\CONNOR\C++Path\chess_console\source\makefile', line 6)
CFLAGS = -Wall -std=c++11
# environment
ONEDRIVE = C:\Users\yassi\OneDrive
# environment
QSYS_ROOTDIR = C:\intelFPGA_lite\19.1\quartus\sopc_builder\bin
# environment
PATHEXT = .COM;.EXE;.BAT;.CMD;.VBS;.VBE;.JS;.JSE;.WSF;.WSH;.MSC
# makefile (from 'C:\CONNOR\C++Path\chess_console\source\makefile', line 1)
MAKEFILE_LIST :=  C:\CONNOR\C++Path\chess_console\source\makefile
# environment
VSCODE_NODE_CACHED_DATA_DIR = C:\Users\yassi\AppData\Roaming\Code\CachedData\b4c1bd0a9b03c749ea011b06c6d2676c8091a70c
# environment
TMP = C:\Users\yassi\AppData\Local\Temp
# environment
VSCODE_VERBOSE_LOGGING = true
# environment
PROGRAMW6432 = C:\Program Files
# makefile (from 'C:\CONNOR\C++Path\chess_console\source\makefile', line 9)
OBJS = main.o user_interface.o chess.o
# environment
PROGRAMDATA = C:\ProgramData
# environment
VSCODE_IPC_HOOK_EXTHOST = \\.\pipe\vscode-ipc-fd0694d8-2410-44be-aad4-987303492494-sock
# environment
VSCODE_CWD = C:\Users\yassi\AppData\Local\Programs\Microsoft VS Code
# default
MAKE_HOST := x86_64-w64-mingw32
# environment
PATH = C:\Program Files (x86)\Intel\Intel(R) Management Engine Components\iCLS\;C:\Program Files\Intel\Intel(R) Management Engine Components\iCLS\;C:\WINDOWS\system32;C:\WINDOWS;C:\WINDOWS\System32\Wbem;C:\WINDOWS\System32\WindowsPowerShell\v1.0\;C:\WINDOWS\System32\OpenSSH\;C:\Program Files (x86)\Intel\Intel(R) Management Engine Components\DAL;C:\Program Files\Intel\Intel(R) Management Engine Components\DAL;C:\MinGW\bin;C:\Program Files\MATLAB\R2019b\bin;C:\Program Files\nodejs\;C:\Program Files\Git\cmd;C:\Program Files\Docker\Docker\resources\bin;C:\ProgramData\DockerDesktop\version-bin;C:\Users\yassi\AppData\Local\Programs\Python\Python38-32\Scripts\;C:\Users\yassi\AppData\Local\Programs\Python\Python38-32\;C:\Users\yassi\AppData\Local\Microsoft\WindowsApps;C:\Users\yassi\AppData\Local\Programs\Microsoft VS Code\bin;C:\Modeltech_pe_edu_10.4a\win32pe_edu;C:\Users\yassi\AppData\Local\atom\bin;C:\Users\yassi\AppData\Roaming\npm;C:\Users\yassi\AppData\Local\Microsoft\WindowsApps;C:\Users\yassi\AppData\Local\gitkraken\bin;C:\Program Files\mingw-w64\x86_64-8.1.0-posix-seh-rt_v6-rev0\mingw64\bin;C:\Program Files\CMake\bin
# environment
ONLINESERVICES = Online Services
# environment
COMMONPROGRAMW6432 = C:\Program Files\Common Files
# environment
PROCESSOR_ARCHITECTURE = AMD64
# environment
USERPROFILE = C:\Users\yassi
# environment
ALLUSERSPROFILE = C:\ProgramData
# environment
SOPC_KIT_NIOS2 = C:\intelFPGA_lite\19.1\nios2eds
# environment
VSCODE_LOG_STACK = false
# environment
NUMBER_OF_PROCESSORS = 8
# environment
ELECTRON_RUN_AS_NODE = 1
# default
.FEATURES := target-specific order-only second-expansion else-if shortest-stem undefine oneshell archives jobserver output-sync
# automatic
%F = $(notdir $%)
# environment
CHROME_CRASHPAD_PIPE_NAME = \\.\pipe\crashpad_23708_QCHHRJULFPUREZSS
# environment
VSCODE_PIPE_LOGGING = true
# environment
COMPUTERNAME = LAPTOP
# environment
PROGRAMFILES = C:\Program Files
# default
.LOADED := 
# environment
DRIVERDATA = C:\Windows\System32\Drivers\DriverData
# environment
ASL.LOG = Destination=file
# environment
ORIGINAL_XDG_CURRENT_DESKTOP = undefined
# environment
USERNAME = yassi
# environment
PUBLIC = C:\Users\Public
# environment
VSCODE_AMD_ENTRYPOINT = vs/workbench/services/extensions/node/extensionHostProcess
# environment
APPLICATION_INSIGHTS_NO_DIAGNOSTIC_CHANNEL = true
# environment
COMMONPROGRAMFILES = C:\Program Files\Common Files
# environment
LOGONSERVER = \\LAPTOP
# environment
ONEDRIVECONSUMER = C:\Users\yassi\OneDrive
# environment
VSCODE_HANDLES_UNCAUGHT_ERRORS = true
# environment
USERDOMAIN = LAPTOP
# environment
MAKELEVEL := 0
# default
MAKE = $(MAKE_COMMAND)
# default
MAKECMDGOALS := all
# makefile (from 'C:\CONNOR\C++Path\chess_console\source\makefile', line 8)
SRCS = main.cpp user_interface.cpp chess.cpp
# makefile (from 'C:\CONNOR\C++Path\chess_console\source\makefile', line 1)
CC = gcc
# makefile (from 'C:\CONNOR\C++Path\chess_console\source\makefile', line 4)
BUILD_DIR = ../build/lnx
# default
MAKE_VERSION := 4.2.1
# makefile
.DEFAULT_GOAL := all
# environment
PROGRAMFILES(X86) = C:\Program Files (x86)
# automatic
%D = $(patsubst %/,%,$(patsubst %\,%,$(dir $%)))
# environment
LOCALAPPDATA = C:\Users\yassi\AppData\Local
# environment
PSMODULEPATH = C:\Program Files\WindowsPowerShell\Modules;C:\WINDOWS\system32\WindowsPowerShell\v1.0\Modules
# default
MAKE_COMMAND := C:/Program Files/mingw-w64/x86_64-8.1.0-posix-seh-rt_v6-rev0/mingw64/bin/mingw32-make
# default
.VARIABLES := 
# automatic
*F = $(notdir $*)
# environment
PROCESSOR_IDENTIFIER = Intel64 Family 6 Model 142 Stepping 11, GenuineIntel
# environment
OS = Windows_NT
# environment
VSCODE_IPC_HOOK = \\.\pipe\7e1e1ddb4d1eff5d4c2edffbb9ab5eac-1.57.0-main-sock
# environment
HOMEPATH = \Users\yassi
# environment
COMMONPROGRAMFILES(X86) = C:\Program Files (x86)\Common Files
# environment
PROMPT = $P$G
# environment
MFLAGS = -pqrR
# automatic
*D = $(patsubst %/,%,$(patsubst %\,%,$(dir $*)))
# environment
REGIONCODE = NA
# environment
SYSTEMROOT = C:\WINDOWS
# automatic
+D = $(patsubst %/,%,$(patsubst %\,%,$(dir $+)))
# environment
PLATFORMCODE = KV
# automatic
+F = $(notdir $+)
# environment
APPDATA = C:\Users\yassi\AppData\Roaming
# environment
__COMPAT_LAYER = DetectorsAppHealth
# environment
TEMP = C:\Users\yassi\AppData\Local\Temp
# environment
COMSPEC = C:\WINDOWS\system32\cmd.exe
# default
MAKEFILES := 
# environment
QUARTUS_ROOTDIR = C:\intelFPGA_lite\19.1\quartus
# automatic
<F = $(notdir $<)
# makefile (from 'C:\CONNOR\C++Path\chess_console\source\makefile', line 2)
CXX = g++
# environment
LC_ALL = C
# automatic
^F = $(notdir $^)
# default
SUFFIXES := 
# environment
SYSTEMDRIVE = C:
# environment
SESSIONNAME = Console
# environment
PROCESSOR_REVISION = 8e0b
# default
.RECIPEPREFIX := 
# environment
LANG = C
# environment
PROCESSOR_LEVEL = 6
# environment
VSCODE_PID = 23708
# environment
USERDOMAIN_ROAMINGPROFILE = LAPTOP
# variable set hash-table stats:
# Load=106/1024=10%, Rehash=0, Collisions=17/128=13%

# Pattern-specific Variable Values

# No pattern-specific variable values.

# Directories


# No files, no impossibilities in 0 directories.

# Implicit Rules

# No implicit rules.

# Files

all: chess
#  Command line target.
#  Implicit rule search has been done.
#  File does not exist.
#  File has not been updated.

distclean: clean
#  Implicit rule search has not been done.
#  Modification time never checked.
#  File has not been updated.
#  recipe to execute (from 'C:\CONNOR\C++Path\chess_console\source\makefile', line 26):
	rm -f $(BUILD_DIR)*

# Not a target:
chess.h:
#  Implicit rule search has not been done.
#  Modification time never checked.
#  File has not been updated.

# Not a target:
chess.cpp:
#  Implicit rule search has not been done.
#  Modification time never checked.
#  File has not been updated.

# Not a target:
main.cpp:
#  Implicit rule search has been done.
#  Last modified 2021-06-14 08:57:42
#  File has been updated.
#  Successfully updated.

user_interface.o: user_interface.cpp user_interface.h
#  Implicit rule search has been done.
#  File does not exist.
#  File has not been updated.

# Not a target:
.DEFAULT:
#  Implicit rule search has not been done.
#  Modification time never checked.
#  File has not been updated.

clean:
#  Implicit rule search has not been done.
#  Modification time never checked.
#  File has not been updated.
#  recipe to execute (from 'C:\CONNOR\C++Path\chess_console\source\makefile', line 23):
	rm -f $(OBJS)

chess.o: chess.cpp chess.h
#  Implicit rule search has not been done.
#  Modification time never checked.
#  File has not been updated.

chess: main.o user_interface.o chess.o
#  Implicit rule search has not been done.
#  File does not exist.
#  File has not been updated.
#  recipe to execute (from 'C:\CONNOR\C++Path\chess_console\source\makefile', line 14):
	$(CXX) $(CFLAGS) -o $(BUILD_DIR)/chess_console $(OBJS)

# Not a target:
C:\CONNOR\C++Path\chess_console\source\makefile:
#  Implicit rule search has been done.
#  Last modified 2021-06-11 13:37:05
#  File has been updated.
#  Successfully updated.

main.o: main.cpp
#  Implicit rule search has been done.
#  File does not exist.
#  File has been updated.
#  Successfully updated.

# Not a target:
user_interface.h:
#  Implicit rule search has not been done.
#  Modification time never checked.
#  File has not been updated.

# Not a target:
user_interface.cpp:
#  Implicit rule search has been done.
#  File does not exist.
#  File has not been updated.

# files hash-table stats:
# Load=15/1024=1%, Rehash=0, Collisions=0/40=0%
# VPATH Search Paths

# No 'vpath' search paths.

# No general ('VPATH' variable) search path.

# strcache buffers: 1 (0) / strings = 15 / storage = 188 B / avg = 12 B
# current buf: size = 8162 B / used = 188 B / count = 15 / avg = 12 B

# strcache performance: lookups = 30 / hit rate = 50%
# hash-table stats:
# Load=15/8192=0%, Rehash=0, Collisions=0/30=0%
# Finished Make data base on Mon Jun 14 09:04:26 2021

 
